  SocketSendRecvTools.c
C:\Users\Edwar\source\repos\Ex4\Ex4_318396280_316201128_315651596\Shared\SocketSendRecvTools.c(89,41): warning C4090: 'function': different 'const' qualifiers
  FileHandlers.c
C:\Users\Edwar\source\repos\Ex4\Ex4_318396280_316201128_315651596\server\FileHandlers.c(49,24): warning C4013: 'handling_wait_code' undefined; assuming extern returning int
C:\Users\Edwar\source\repos\Ex4\Ex4_318396280_316201128_315651596\server\FileHandlers.c(132,20): warning C4018: '<': signed/unsigned mismatch
C:\Users\Edwar\source\repos\Ex4\Ex4_318396280_316201128_315651596\server\FileHandlers.c(139,20): warning C4018: '<': signed/unsigned mismatch
  main.c
C:\Users\Edwar\source\repos\Ex4\Ex4_318396280_316201128_315651596\server\main.c(20,9): warning C4013: 'printf' undefined; assuming extern returning int
  MessageDecoding.c
C:\Users\Edwar\source\repos\Ex4\Ex4_318396280_316201128_315651596\server\MessageDecoding.c(26,20): warning C4018: '<': signed/unsigned mismatch
C:\Users\Edwar\source\repos\Ex4\Ex4_318396280_316201128_315651596\server\MessageDecoding.c(45,20): warning C4018: '<': signed/unsigned mismatch
C:\Users\Edwar\source\repos\Ex4\Ex4_318396280_316201128_315651596\server\MessageDecoding.c(66,20): warning C4018: '<': signed/unsigned mismatch
C:\Users\Edwar\source\repos\Ex4\Ex4_318396280_316201128_315651596\server\MessageDecoding.c(86,20): warning C4018: '<': signed/unsigned mismatch
C:\Users\Edwar\source\repos\Ex4\Ex4_318396280_316201128_315651596\server\MessageDecoding.c(98,20): warning C4018: '<': signed/unsigned mismatch
C:\Users\Edwar\source\repos\Ex4\Ex4_318396280_316201128_315651596\server\MessageDecoding.c(110,20): warning C4018: '<': signed/unsigned mismatch
C:\Users\Edwar\source\repos\Ex4\Ex4_318396280_316201128_315651596\server\MessageDecoding.c(122,20): warning C4018: '<': signed/unsigned mismatch
  Server.c
C:\Users\Edwar\source\repos\Ex4\Ex4_318396280_316201128_315651596\server\Server.c(118,86): warning C4474: 'printf' : too many arguments passed for format string
C:\Users\Edwar\source\repos\Ex4\Ex4_318396280_316201128_315651596\server\Server.c(118,86): message : placeholders and their parameters expect 0 variadic arguments, but 1 were provided
C:\Users\Edwar\source\repos\Ex4\Ex4_318396280_316201128_315651596\server\Server.c(119,90): warning C4474: 'printf' : too many arguments passed for format string
C:\Users\Edwar\source\repos\Ex4\Ex4_318396280_316201128_315651596\server\Server.c(119,90): message : placeholders and their parameters expect 0 variadic arguments, but 1 were provided
C:\Users\Edwar\source\repos\Ex4\Ex4_318396280_316201128_315651596\server\Server.c(120,99): warning C4474: 'printf' : too many arguments passed for format string
C:\Users\Edwar\source\repos\Ex4\Ex4_318396280_316201128_315651596\server\Server.c(120,99): message : placeholders and their parameters expect 0 variadic arguments, but 1 were provided
C:\Users\Edwar\source\repos\Ex4\Ex4_318396280_316201128_315651596\server\Server.c(121,94): warning C4474: 'printf' : too many arguments passed for format string
C:\Users\Edwar\source\repos\Ex4\Ex4_318396280_316201128_315651596\server\Server.c(121,94): message : placeholders and their parameters expect 0 variadic arguments, but 1 were provided
C:\Users\Edwar\source\repos\Ex4\Ex4_318396280_316201128_315651596\server\Server.c(446,14): warning C4102: 'play_versus': unreferenced label
C:\Users\Edwar\source\repos\Ex4\Ex4_318396280_316201128_315651596\server\Server.c(519,14): warning C4102: 'client_move': unreferenced label
C:\Users\Edwar\source\repos\Ex4\Ex4_318396280_316201128_315651596\server\Server.c(390,7): warning C4101: 'SendStr': unreferenced local variable
C:\Users\Edwar\source\repos\Ex4\Ex4_318396280_316201128_315651596\server\Server.c(399,19): warning C4101: 'SendRes': unreferenced local variable
C:\Users\Edwar\source\repos\Ex4\Ex4_318396280_316201128_315651596\server\Server.c(391,7): warning C4101: 'RecvStr': unreferenced local variable
C:\Users\Edwar\source\repos\Ex4\Ex4_318396280_316201128_315651596\server\Server.c(727,19): warning C4101: 'SendRes': unreferenced local variable
C:\Users\Edwar\source\repos\Ex4\Ex4_318396280_316201128_315651596\server\Server.c(789,3): warning C4033: 'Main_server' must return a value
C:\Users\Edwar\source\repos\Ex4\Ex4_318396280_316201128_315651596\server\Server.c(859,21): warning C4013: 'CreateFileMutex' undefined; assuming extern returning int
C:\Users\Edwar\source\repos\Ex4\Ex4_318396280_316201128_315651596\server\Server.c(860,30): warning C4013: 'CreateFileMutexCreatFile' undefined; assuming extern returning int
C:\Users\Edwar\source\repos\Ex4\Ex4_318396280_316201128_315651596\server\Server.c(774,6): warning C4101: 'Loop': unreferenced local variable
  Generating Code...
C:\Users\Edwar\source\repos\Ex4\Ex4_318396280_316201128_315651596\server\Server.c(679): warning C4716: 'WaitForExit': must return a value
C:\Users\Edwar\source\repos\Ex4\Ex4_318396280_316201128_315651596\server\Server.c(954): warning C4716: 'Main_server': must return a value
  server.vcxproj -> C:\Users\Edwar\source\repos\Ex4\Ex4_318396280_316201128_315651596\Debug\server.exe
